<?xml version="1.0" encoding="UTF-8"?>
<!-- Generated by org.testng.reporters.JUnitReportReporter -->
<testsuite skipped="0" hostname="LENOVO" name="com.qa.restassured.PostTests" tests="1" failures="0" timestamp="21 Oct 2018 11:07:04 GMT" time="4.060" errors="0">
  <testcase name="registerUser" time="4.060" classname="com.qa.restassured.PostTests"/>
</testsuite> <!-- com.qa.restassured.PostTests -->
