<?xml version="1.0" encoding="UTF-8"?>
<!-- Generated by org.testng.reporters.JUnitReportReporter -->
<testsuite skipped="0" hostname="LENOVO" name="com.qa.restassured.GetTests" tests="1" failures="0" timestamp="18 Jan 2019 16:47:50 GMT" time="9.417" errors="0">
  <testcase name="getSingleUser" time="9.417" classname="com.qa.restassured.GetTests"/>
</testsuite> <!-- com.qa.restassured.GetTests -->
